# JRE version: OpenJDK Runtime Environment Temurin-21.0.4+7 (21.0.4+7) (build 21.0.4+7-LTS)
# Java VM: OpenJDK 64-Bit Server VM Temurin-21.0.4+7 (21.0.4+7-LTS, mixed mode, emulated-client, tiered, compressed oops, compressed class ptrs, g1 gc, windows-amd64)
GC Precious Log:
 CardTable entry size: 512
 Card Set container configuration: InlinePtr #cards 4 size 8 Array Of Cards #cards 16 size 48 Howl #buckets 8 coarsen threshold 3686 Howl Bitmap #cards 512 size 80 coarsen threshold 460 Card regions per heap region 1 cards per card region 4096
 CPUs: 20 total, 20 available
 Memory: 16053M
 Large Page Support: Disabled
 NUMA Support: Disabled
 Compressed Oops: Enabled (Zero based)
 Heap Region Size: 2M
 Heap Min Capacity: 8M
 Heap Initial Capacity: 252M
 Heap Max Capacity: 4014M
 Pre-touch: Disabled
 Parallel Workers: 15
 Concurrent Workers: 4
 Concurrent Refinement Workers: 15
 Periodic GC: Disabled
Heap:
 garbage-first heap   total 63488K, used 48401K [0x0000000705200000, 0x0000000800000000)
  region size 2048K, 17 young (34816K), 2 survivors (4096K)
 Metaspace       used 51020K, committed 51712K, reserved 1114112K
  class space    used 6003K, committed 6336K, reserved 1048576K
GC Heap History (18 events):
Event: 0.468 GC heap before
{Heap before GC invocations=0 (full 0):
 garbage-first heap   total 258048K, used 22528K [0x0000000705200000, 0x0000000800000000)
  region size 2048K, 11 young (22528K), 0 survivors (0K)
 Metaspace       used 16530K, committed 16768K, reserved 1114112K
  class space    used 1647K, committed 1728K, reserved 1048576K
}
Event: 0.472 GC heap after
{Heap after GC invocations=1 (full 0):
 garbage-first heap   total 258048K, used 5094K [0x0000000705200000, 0x0000000800000000)
  region size 2048K, 2 young (4096K), 2 survivors (4096K)
 Metaspace       used 16530K, committed 16768K, reserved 1114112K
  class space    used 1647K, committed 1728K, reserved 1048576K
}
Event: 0.719 GC heap before
{Heap before GC invocations=1 (full 0):
 garbage-first heap   total 258048K, used 25574K [0x0000000705200000, 0x0000000800000000)
  region size 2048K, 14 young (28672K), 2 survivors (4096K)
 Metaspace       used 21197K, committed 21504K, reserved 1114112K
  class space    used 2366K, committed 2496K, reserved 1048576K
}
Event: 0.723 GC heap after
{Heap after GC invocations=2 (full 0):
 garbage-first heap   total 258048K, used 7150K [0x0000000705200000, 0x0000000800000000)
  region size 2048K, 1 young (2048K), 1 survivors (2048K)
 Metaspace       used 21197K, committed 21504K, reserved 1114112K
  class space    used 2366K, committed 2496K, reserved 1048576K
}
Event: 0.835 GC heap before
{Heap before GC invocations=3 (full 0):
 garbage-first heap   total 28672K, used 27630K [0x0000000705200000, 0x0000000800000000)
  region size 2048K, 11 young (22528K), 1 survivors (2048K)
 Metaspace       used 25301K, committed 25728K, reserved 1114112K
  class space    used 2866K, committed 3072K, reserved 1048576K
}
Event: 0.837 GC heap after
{Heap after GC invocations=4 (full 0):
 garbage-first heap   total 32768K, used 8255K [0x0000000705200000, 0x0000000800000000)
  region size 2048K, 2 young (4096K), 2 survivors (4096K)
 Metaspace       used 25301K, committed 25728K, reserved 1114112K
  class space    used 2866K, committed 3072K, reserved 1048576K
}
Event: 0.901 GC heap before
{Heap before GC invocations=4 (full 0):
 garbage-first heap   total 32768K, used 22591K [0x0000000705200000, 0x0000000800000000)
  region size 2048K, 9 young (18432K), 2 survivors (4096K)
 Metaspace       used 27788K, committed 28160K, reserved 1114112K
  class space    used 3223K, committed 3392K, reserved 1048576K
}
Event: 0.904 GC heap after
{Heap after GC invocations=5 (full 0):
 garbage-first heap   total 32768K, used 8835K [0x0000000705200000, 0x0000000800000000)
  region size 2048K, 1 young (2048K), 1 survivors (2048K)
 Metaspace       used 27788K, committed 28160K, reserved 1114112K
  class space    used 3223K, committed 3392K, reserved 1048576K
}
Event: 0.995 GC heap before
{Heap before GC invocations=5 (full 0):
 garbage-first heap   total 32768K, used 23171K [0x0000000705200000, 0x0000000800000000)
  region size 2048K, 8 young (16384K), 1 survivors (2048K)
 Metaspace       used 29949K, committed 30336K, reserved 1114112K
  class space    used 3521K, committed 3712K, reserved 1048576K
}
Event: 0.997 GC heap after
{Heap after GC invocations=6 (full 0):
 garbage-first heap   total 32768K, used 10790K [0x0000000705200000, 0x0000000800000000)
  region size 2048K, 1 young (2048K), 1 survivors (2048K)
 Metaspace       used 29949K, committed 30336K, reserved 1114112K
  class space    used 3521K, committed 3712K, reserved 1048576K
}
Event: 1.148 GC heap before
{Heap before GC invocations=6 (full 0):
 garbage-first heap   total 32768K, used 25126K [0x0000000705200000, 0x0000000800000000)
  region size 2048K, 8 young (16384K), 1 survivors (2048K)
 Metaspace       used 31299K, committed 31680K, reserved 1114112K
  class space    used 3713K, committed 3904K, reserved 1048576K
}
Event: 1.151 GC heap after
{Heap after GC invocations=7 (full 0):
 garbage-first heap   total 145408K, used 12327K [0x0000000705200000, 0x0000000800000000)
  region size 2048K, 1 young (2048K), 1 survivors (2048K)
 Metaspace       used 31299K, committed 31680K, reserved 1114112K
  class space    used 3713K, committed 3904K, reserved 1048576K
}
Event: 1.350 GC heap before
{Heap before GC invocations=7 (full 0):
 garbage-first heap   total 145408K, used 28711K [0x0000000705200000, 0x0000000800000000)
  region size 2048K, 10 young (20480K), 1 survivors (2048K)
 Metaspace       used 34204K, committed 34688K, reserved 1114112K
  class space    used 4166K, committed 4352K, reserved 1048576K
}
Event: 1.353 GC heap after
{Heap after GC invocations=8 (full 0):
 garbage-first heap   total 145408K, used 13670K [0x0000000705200000, 0x0000000800000000)
  region size 2048K, 2 young (4096K), 2 survivors (4096K)
 Metaspace       used 34204K, committed 34688K, reserved 1114112K
  class space    used 4166K, committed 4352K, reserved 1048576K
}
Event: 1.747 GC heap before
{Heap before GC invocations=9 (full 0):
 garbage-first heap   total 55296K, used 52582K [0x0000000705200000, 0x0000000800000000)
  region size 2048K, 21 young (43008K), 2 survivors (4096K)
 Metaspace       used 40354K, committed 41024K, reserved 1114112K
  class space    used 4945K, committed 5248K, reserved 1048576K
}
Event: 1.750 GC heap after
{Heap after GC invocations=10 (full 0):
 garbage-first heap   total 63488K, used 17526K [0x0000000705200000, 0x0000000800000000)
  region size 2048K, 4 young (8192K), 4 survivors (8192K)
 Metaspace       used 40354K, committed 41024K, reserved 1114112K
  class space    used 4945K, committed 5248K, reserved 1048576K
}
Event: 14.951 GC heap before
{Heap before GC invocations=10 (full 0):
 garbage-first heap   total 63488K, used 44150K [0x0000000705200000, 0x0000000800000000)
  region size 2048K, 18 young (36864K), 4 survivors (8192K)
 Metaspace       used 45417K, committed 46080K, reserved 1114112K
  class space    used 5512K, committed 5824K, reserved 1048576K
}
Event: 14.957 GC heap after
{Heap after GC invocations=11 (full 0):
 garbage-first heap   total 63488K, used 19729K [0x0000000705200000, 0x0000000800000000)
  region size 2048K, 2 young (4096K), 2 survivors (4096K)
 Metaspace       used 45417K, committed 46080K, reserved 1114112K
  class space    used 5512K, committed 5824K, reserved 1048576K
}

