# JRE version: OpenJDK Runtime Environment Temurin-21.0.4+7 (21.0.4+7) (build 21.0.4+7-LTS)
# Java VM: OpenJDK 64-Bit Server VM Temurin-21.0.4+7 (21.0.4+7-LTS, mixed mode, emulated-client, tiered, compressed oops, compressed class ptrs, g1 gc, windows-amd64)
GC Precious Log:
 CardTable entry size: 512
 Card Set container configuration: InlinePtr #cards 4 size 8 Array Of Cards #cards 16 size 48 Howl #buckets 8 coarsen threshold 3686 Howl Bitmap #cards 512 size 80 coarsen threshold 460 Card regions per heap region 1 cards per card region 4096
 CPUs: 20 total, 20 available
 Memory: 16053M
 Large Page Support: Disabled
 NUMA Support: Disabled
 Compressed Oops: Enabled (Zero based)
 Heap Region Size: 2M
 Heap Min Capacity: 8M
 Heap Initial Capacity: 252M
 Heap Max Capacity: 4014M
 Pre-touch: Disabled
 Parallel Workers: 15
 Concurrent Workers: 4
 Concurrent Refinement Workers: 15
 Periodic GC: Disabled
Heap:
 garbage-first heap   total 55296K, used 35538K [0x0000000705200000, 0x0000000800000000)
  region size 2048K, 12 young (24576K), 2 survivors (4096K)
 Metaspace       used 51201K, committed 51776K, reserved 1114112K
  class space    used 6017K, committed 6272K, reserved 1048576K
GC Heap History (20 events):
Event: 0.640 GC heap before
{Heap before GC invocations=1 (full 0):
 garbage-first heap   total 258048K, used 19375K [0x0000000705200000, 0x0000000800000000)
  region size 2048K, 10 young (20480K), 2 survivors (4096K)
 Metaspace       used 19581K, committed 19904K, reserved 1114112K
  class space    used 2081K, committed 2240K, reserved 1048576K
}
Event: 0.643 GC heap after
{Heap after GC invocations=2 (full 0):
 garbage-first heap   total 258048K, used 6475K [0x0000000705200000, 0x0000000800000000)
  region size 2048K, 1 young (2048K), 1 survivors (2048K)
 Metaspace       used 19581K, committed 19904K, reserved 1114112K
  class space    used 2081K, committed 2240K, reserved 1048576K
}
Event: 0.820 GC heap before
{Heap before GC invocations=3 (full 0):
 garbage-first heap   total 28672K, used 26955K [0x0000000705200000, 0x0000000800000000)
  region size 2048K, 11 young (22528K), 1 survivors (2048K)
 Metaspace       used 23118K, committed 23488K, reserved 1114112K
  class space    used 2618K, committed 2752K, reserved 1048576K
}
Event: 0.821 GC heap after
{Heap after GC invocations=4 (full 0):
 garbage-first heap   total 32768K, used 7458K [0x0000000705200000, 0x0000000800000000)
  region size 2048K, 2 young (4096K), 2 survivors (4096K)
 Metaspace       used 23118K, committed 23488K, reserved 1114112K
  class space    used 2618K, committed 2752K, reserved 1048576K
}
Event: 0.888 GC heap before
{Heap before GC invocations=4 (full 0):
 garbage-first heap   total 32768K, used 21794K [0x0000000705200000, 0x0000000800000000)
  region size 2048K, 9 young (18432K), 2 survivors (4096K)
 Metaspace       used 25479K, committed 25856K, reserved 1114112K
  class space    used 2880K, committed 3072K, reserved 1048576K
}
Event: 0.890 GC heap after
{Heap after GC invocations=5 (full 0):
 garbage-first heap   total 32768K, used 8386K [0x0000000705200000, 0x0000000800000000)
  region size 2048K, 2 young (4096K), 2 survivors (4096K)
 Metaspace       used 25479K, committed 25856K, reserved 1114112K
  class space    used 2880K, committed 3072K, reserved 1048576K
}
Event: 0.959 GC heap before
{Heap before GC invocations=5 (full 0):
 garbage-first heap   total 32768K, used 20674K [0x0000000705200000, 0x0000000800000000)
  region size 2048K, 9 young (18432K), 2 survivors (4096K)
 Metaspace       used 28251K, committed 28608K, reserved 1114112K
  class space    used 3294K, committed 3456K, reserved 1048576K
}
Event: 0.961 GC heap after
{Heap after GC invocations=6 (full 0):
 garbage-first heap   total 32768K, used 8966K [0x0000000705200000, 0x0000000800000000)
  region size 2048K, 2 young (4096K), 2 survivors (4096K)
 Metaspace       used 28251K, committed 28608K, reserved 1114112K
  class space    used 3294K, committed 3456K, reserved 1048576K
}
Event: 1.072 GC heap before
{Heap before GC invocations=6 (full 0):
 garbage-first heap   total 32768K, used 21254K [0x0000000705200000, 0x0000000800000000)
  region size 2048K, 9 young (18432K), 2 survivors (4096K)
 Metaspace       used 30051K, committed 30464K, reserved 1114112K
  class space    used 3541K, committed 3712K, reserved 1048576K
}
Event: 1.075 GC heap after
{Heap after GC invocations=7 (full 0):
 garbage-first heap   total 32768K, used 11078K [0x0000000705200000, 0x0000000800000000)
  region size 2048K, 2 young (4096K), 2 survivors (4096K)
 Metaspace       used 30051K, committed 30464K, reserved 1114112K
  class space    used 3541K, committed 3712K, reserved 1048576K
}
Event: 1.229 GC heap before
{Heap before GC invocations=7 (full 0):
 garbage-first heap   total 32768K, used 25414K [0x0000000705200000, 0x0000000800000000)
  region size 2048K, 9 young (18432K), 2 survivors (4096K)
 Metaspace       used 31477K, committed 31872K, reserved 1114112K
  class space    used 3743K, committed 3904K, reserved 1048576K
}
Event: 1.233 GC heap after
{Heap after GC invocations=8 (full 0):
 garbage-first heap   total 145408K, used 11681K [0x0000000705200000, 0x0000000800000000)
  region size 2048K, 1 young (2048K), 1 survivors (2048K)
 Metaspace       used 31477K, committed 31872K, reserved 1114112K
  class space    used 3743K, committed 3904K, reserved 1048576K
}
Event: 1.319 GC heap before
{Heap before GC invocations=8 (full 0):
 garbage-first heap   total 145408K, used 19873K [0x0000000705200000, 0x0000000800000000)
  region size 2048K, 6 young (12288K), 1 survivors (2048K)
 Metaspace       used 32833K, committed 33216K, reserved 1114112K
  class space    used 3928K, committed 4096K, reserved 1048576K
}
Event: 1.321 GC heap after
{Heap after GC invocations=9 (full 0):
 garbage-first heap   total 145408K, used 12099K [0x0000000705200000, 0x0000000800000000)
  region size 2048K, 1 young (2048K), 1 survivors (2048K)
 Metaspace       used 32833K, committed 33216K, reserved 1114112K
  class space    used 3928K, committed 4096K, reserved 1048576K
}
Event: 1.679 GC heap before
{Heap before GC invocations=10 (full 0):
 garbage-first heap   total 49152K, used 46915K [0x0000000705200000, 0x0000000800000000)
  region size 2048K, 18 young (36864K), 1 survivors (2048K)
 Metaspace       used 38437K, committed 39040K, reserved 1114112K
  class space    used 4674K, committed 4928K, reserved 1048576K
}
Event: 1.681 GC heap after
{Heap after GC invocations=11 (full 0):
 garbage-first heap   total 55296K, used 15357K [0x0000000705200000, 0x0000000800000000)
  region size 2048K, 3 young (6144K), 3 survivors (6144K)
 Metaspace       used 38437K, committed 39040K, reserved 1114112K
  class space    used 4674K, committed 4928K, reserved 1048576K
}
Event: 8.617 GC heap before
{Heap before GC invocations=11 (full 0):
 garbage-first heap   total 55296K, used 41981K [0x0000000705200000, 0x0000000800000000)
  region size 2048K, 16 young (32768K), 3 survivors (6144K)
 Metaspace       used 42613K, committed 43200K, reserved 1114112K
  class space    used 5231K, committed 5504K, reserved 1048576K
}
Event: 8.621 GC heap after
{Heap after GC invocations=12 (full 0):
 garbage-first heap   total 55296K, used 17208K [0x0000000705200000, 0x0000000800000000)
  region size 2048K, 2 young (4096K), 2 survivors (4096K)
 Metaspace       used 42613K, committed 43200K, reserved 1114112K
  class space    used 5231K, committed 5504K, reserved 1048576K
}
Event: 8.853 GC heap before
{Heap before GC invocations=12 (full 0):
 garbage-first heap   total 55296K, used 41784K [0x0000000705200000, 0x0000000800000000)
  region size 2048K, 15 young (30720K), 2 survivors (4096K)
 Metaspace       used 48388K, committed 49024K, reserved 1114112K
  class space    used 5727K, committed 6016K, reserved 1048576K
}
Event: 8.855 GC heap after
{Heap after GC invocations=13 (full 0):
 garbage-first heap   total 55296K, used 19154K [0x0000000705200000, 0x0000000800000000)
  region size 2048K, 2 young (4096K), 2 survivors (4096K)
 Metaspace       used 48388K, committed 49024K, reserved 1114112K
  class space    used 5727K, committed 6016K, reserved 1048576K
}

